%!Adobe-FontList 1.24
%Locale:0x419

%BeginFont
Handler:DirectoryHandler
FontType:Invalid
OutlineFileName:D:\МДК 08.01\practici\pr1\pages\works\pr16\Font\OFL.txt
FileModTime:1747908664
%EndFont

%BeginFont
Handler:DirectoryHandler
FontType:TrueType
FontName:OpenSans-Italic
FamilyName:Open Sans
StyleName:Italic
FullName:Open Sans Italic
MenuName:Open Sans
FamilyPrefix:OpenSansItalic
StyleBits:1
WritingScript:Roman
OutlineFileName:D:\МДК 08.01\practici\pr1\pages\works\pr16\Font\OpenSans-Italic-VariableFont_wdth,wght.ttf
DataFormat:sfntData
hasSVG:no
hasCOLR:no
VariableFontType:TrueTypeVariableFont
FileLength:580280
FileModTime:1725491480
WeightClass:400
WidthClass:5
AngleClass:1
NameArray:0,Win,1,Open Sans
%EndFont

%BeginFont
Handler:DirectoryHandler
FontType:TrueType
FontName:OpenSans-Regular
FamilyName:Open Sans
StyleName:Regular
FullName:Open Sans Regular
MenuName:Open Sans
FamilyPrefix:OpenSansRoman
StyleBits:0
WritingScript:Roman
OutlineFileName:D:\МДК 08.01\practici\pr1\pages\works\pr16\Font\OpenSans-VariableFont_wdth,wght.ttf
DataFormat:sfntData
hasSVG:no
hasCOLR:no
VariableFontType:TrueTypeVariableFont
FileLength:529700
FileModTime:1725491480
WeightClass:400
WidthClass:5
AngleClass:0
NameArray:0,Win,1,Open Sans
%EndFont

%BeginFont
Handler:DirectoryHandler
FontType:Invalid
OutlineFileName:D:\МДК 08.01\practici\pr1\pages\works\pr16\Font\README.txt
FileModTime:1747908664
%EndFont

%BeginFont
Handler:DirectoryHandler
FontType:TrueType
FontName:OpenSans-Bold
FamilyName:Open Sans
StyleName:Bold
FullName:Open Sans Bold
MenuName:Open Sans
StyleBits:2
WritingScript:Roman
OutlineFileName:D:\МДК 08.01\practici\pr1\pages\works\pr16\Font\static\OpenSans-Bold.ttf
DataFormat:sfntData
hasSVG:no
hasCOLR:no
VariableFontType:NonVariableFont
FileLength:130860
FileModTime:1725491480
WeightClass:700
WidthClass:5
AngleClass:0
NameArray:0,Win,1,Open Sans
%EndFont

%BeginFont
Handler:DirectoryHandler
FontType:TrueType
FontName:OpenSans-BoldItalic
FamilyName:Open Sans
StyleName:Bold Italic
FullName:Open Sans Bold Italic
MenuName:Open Sans
StyleBits:3
WritingScript:Roman
OutlineFileName:D:\МДК 08.01\practici\pr1\pages\works\pr16\Font\static\OpenSans-BoldItalic.ttf
DataFormat:sfntData
hasSVG:no
hasCOLR:no
VariableFontType:NonVariableFont
FileLength:136360
FileModTime:1725491480
WeightClass:700
WidthClass:5
AngleClass:1
NameArray:0,Win,1,Open Sans
%EndFont

%BeginFont
Handler:DirectoryHandler
FontType:TrueType
FontName:OpenSans-ExtraBold
FamilyName:Open Sans
StyleName:ExtraBold
FullName:Open Sans ExtraBold
MenuName:Open Sans ExtraBold
StyleBits:0
WritingScript:Roman
OutlineFileName:D:\МДК 08.01\practici\pr1\pages\works\pr16\Font\static\OpenSans-ExtraBold.ttf
DataFormat:sfntData
hasSVG:no
hasCOLR:no
VariableFontType:NonVariableFont
FileLength:131244
FileModTime:1725491480
WeightClass:800
WidthClass:5
AngleClass:0
NameArray:0,Win,1,Open Sans ExtraBold
NameArray:0,Win,16,Open Sans
%EndFont

%BeginFont
Handler:DirectoryHandler
FontType:TrueType
FontName:OpenSans-ExtraBoldItalic
FamilyName:Open Sans
StyleName:ExtraBold Italic
FullName:Open Sans ExtraBold Italic
MenuName:Open Sans ExtraBold
StyleBits:1
WritingScript:Roman
OutlineFileName:D:\МДК 08.01\practici\pr1\pages\works\pr16\Font\static\OpenSans-ExtraBoldItalic.ttf
DataFormat:sfntData
hasSVG:no
hasCOLR:no
VariableFontType:NonVariableFont
FileLength:136928
FileModTime:1725491480
WeightClass:800
WidthClass:5
AngleClass:1
NameArray:0,Win,1,Open Sans ExtraBold
NameArray:0,Win,16,Open Sans
%EndFont

%BeginFont
Handler:DirectoryHandler
FontType:TrueType
FontName:OpenSans-Italic
FamilyName:Open Sans
StyleName:Italic
FullName:Open Sans Italic
MenuName:Open Sans
StyleBits:1
WritingScript:Roman
OutlineFileName:D:\МДК 08.01\practici\pr1\pages\works\pr16\Font\static\OpenSans-Italic.ttf
DataFormat:sfntData
hasSVG:no
hasCOLR:no
VariableFontType:NonVariableFont
FileLength:136604
FileModTime:1725491480
WeightClass:400
WidthClass:5
AngleClass:1
NameArray:0,Win,1,Open Sans
%EndFont

%BeginFont
Handler:DirectoryHandler
FontType:TrueType
FontName:OpenSans-Light
FamilyName:Open Sans
StyleName:Light
FullName:Open Sans Light
MenuName:Open Sans Light
StyleBits:0
WritingScript:Roman
OutlineFileName:D:\МДК 08.01\practici\pr1\pages\works\pr16\Font\static\OpenSans-Light.ttf
DataFormat:sfntData
hasSVG:no
hasCOLR:no
VariableFontType:NonVariableFont
FileLength:130804
FileModTime:1725491480
WeightClass:300
WidthClass:5
AngleClass:0
NameArray:0,Win,1,Open Sans Light
NameArray:0,Win,16,Open Sans
%EndFont

%BeginFont
Handler:DirectoryHandler
FontType:TrueType
FontName:OpenSans-LightItalic
FamilyName:Open Sans
StyleName:Light Italic
FullName:Open Sans Light Italic
MenuName:Open Sans Light
StyleBits:1
WritingScript:Roman
OutlineFileName:D:\МДК 08.01\practici\pr1\pages\works\pr16\Font\static\OpenSans-LightItalic.ttf
DataFormat:sfntData
hasSVG:no
hasCOLR:no
VariableFontType:NonVariableFont
FileLength:136896
FileModTime:1725491480
WeightClass:300
WidthClass:5
AngleClass:1
NameArray:0,Win,1,Open Sans Light
NameArray:0,Win,16,Open Sans
%EndFont

%BeginFont
Handler:DirectoryHandler
FontType:TrueType
FontName:OpenSans-Medium
FamilyName:Open Sans
StyleName:Medium
FullName:Open Sans Medium
MenuName:Open Sans Medium
StyleBits:0
WritingScript:Roman
OutlineFileName:D:\МДК 08.01\practici\pr1\pages\works\pr16\Font\static\OpenSans-Medium.ttf
DataFormat:sfntData
hasSVG:no
hasCOLR:no
VariableFontType:NonVariableFont
FileLength:130976
FileModTime:1725491480
WeightClass:500
WidthClass:5
AngleClass:0
NameArray:0,Win,1,Open Sans Medium
NameArray:0,Win,16,Open Sans
%EndFont

%BeginFont
Handler:DirectoryHandler
FontType:TrueType
FontName:OpenSans-MediumItalic
FamilyName:Open Sans
StyleName:Medium Italic
FullName:Open Sans Medium Italic
MenuName:Open Sans Medium
StyleBits:1
WritingScript:Roman
OutlineFileName:D:\МДК 08.01\practici\pr1\pages\works\pr16\Font\static\OpenSans-MediumItalic.ttf
DataFormat:sfntData
hasSVG:no
hasCOLR:no
VariableFontType:NonVariableFont
FileLength:136796
FileModTime:1725491480
WeightClass:500
WidthClass:5
AngleClass:1
NameArray:0,Win,1,Open Sans Medium
NameArray:0,Win,16,Open Sans
%EndFont

%BeginFont
Handler:DirectoryHandler
FontType:TrueType
FontName:OpenSans-Regular
FamilyName:Open Sans
StyleName:Regular
FullName:Open Sans Regular
MenuName:Open Sans
StyleBits:0
WritingScript:Roman
OutlineFileName:D:\МДК 08.01\practici\pr1\pages\works\pr16\Font\static\OpenSans-Regular.ttf
DataFormat:sfntData
hasSVG:no
hasCOLR:no
VariableFontType:NonVariableFont
FileLength:130832
FileModTime:1725491480
WeightClass:400
WidthClass:5
AngleClass:0
NameArray:0,Win,1,Open Sans
%EndFont

%BeginFont
Handler:DirectoryHandler
FontType:TrueType
FontName:OpenSans-SemiBold
FamilyName:Open Sans
StyleName:SemiBold
FullName:Open Sans SemiBold
MenuName:Open Sans SemiBold
StyleBits:0
WritingScript:Roman
OutlineFileName:D:\МДК 08.01\practici\pr1\pages\works\pr16\Font\static\OpenSans-SemiBold.ttf
DataFormat:sfntData
hasSVG:no
hasCOLR:no
VariableFontType:NonVariableFont
FileLength:130760
FileModTime:1725491480
WeightClass:600
WidthClass:5
AngleClass:0
NameArray:0,Win,1,Open Sans SemiBold
NameArray:0,Win,16,Open Sans
%EndFont

%BeginFont
Handler:DirectoryHandler
FontType:TrueType
FontName:OpenSans-SemiBoldItalic
FamilyName:Open Sans
StyleName:SemiBold Italic
FullName:Open Sans SemiBold Italic
MenuName:Open Sans SemiBold
StyleBits:1
WritingScript:Roman
OutlineFileName:D:\МДК 08.01\practici\pr1\pages\works\pr16\Font\static\OpenSans-SemiBoldItalic.ttf
DataFormat:sfntData
hasSVG:no
hasCOLR:no
VariableFontType:NonVariableFont
FileLength:136724
FileModTime:1725491480
WeightClass:600
WidthClass:5
AngleClass:1
NameArray:0,Win,1,Open Sans SemiBold
NameArray:0,Win,16,Open Sans
%EndFont

%BeginFont
Handler:DirectoryHandler
FontType:TrueType
FontName:OpenSansCondensed-Bold
FamilyName:Open Sans Condensed
StyleName:Bold
FullName:Open Sans Condensed Bold
MenuName:Open Sans Condensed
StyleBits:2
WritingScript:Roman
OutlineFileName:D:\МДК 08.01\practici\pr1\pages\works\pr16\Font\static\OpenSans_Condensed-Bold.ttf
DataFormat:sfntData
hasSVG:no
hasCOLR:no
VariableFontType:NonVariableFont
FileLength:130372
FileModTime:1725491480
WeightClass:700
WidthClass:3
AngleClass:0
NameArray:0,Win,1,Open Sans Condensed
NameArray:0,Win,16,Open Sans Condensed
%EndFont

%BeginFont
Handler:DirectoryHandler
FontType:TrueType
FontName:OpenSansCondensed-BoldItalic
FamilyName:Open Sans Condensed
StyleName:Bold Italic
FullName:Open Sans Condensed Bold Italic
MenuName:Open Sans Condensed
StyleBits:3
WritingScript:Roman
OutlineFileName:D:\МДК 08.01\practici\pr1\pages\works\pr16\Font\static\OpenSans_Condensed-BoldItalic.ttf
DataFormat:sfntData
hasSVG:no
hasCOLR:no
VariableFontType:NonVariableFont
FileLength:136240
FileModTime:1725491480
WeightClass:700
WidthClass:3
AngleClass:1
NameArray:0,Win,1,Open Sans Condensed
NameArray:0,Win,16,Open Sans Condensed
%EndFont

%BeginFont
Handler:DirectoryHandler
FontType:TrueType
FontName:OpenSansCondensed-ExtraBold
FamilyName:Open Sans Condensed
StyleName:ExtraBold
FullName:Open Sans Condensed ExtraBold
MenuName:Open Sans Condensed ExtraBold
StyleBits:0
WritingScript:Roman
OutlineFileName:D:\МДК 08.01\practici\pr1\pages\works\pr16\Font\static\OpenSans_Condensed-ExtraBold.ttf
DataFormat:sfntData
hasSVG:no
hasCOLR:no
VariableFontType:NonVariableFont
FileLength:130812
FileModTime:1725491480
WeightClass:800
WidthClass:3
AngleClass:0
NameArray:0,Win,1,Open Sans Condensed ExtraBold
NameArray:0,Win,16,Open Sans Condensed
%EndFont

%BeginFont
Handler:DirectoryHandler
FontType:TrueType
FontName:OpenSansCondensed-ExtraBoldItalic
FamilyName:Open Sans Condensed
StyleName:ExtraBold Italic
FullName:Open Sans Condensed ExtraBold Italic
MenuName:Open Sans Condensed ExtraBold
StyleBits:1
WritingScript:Roman
OutlineFileName:D:\МДК 08.01\practici\pr1\pages\works\pr16\Font\static\OpenSans_Condensed-ExtraBoldItalic.ttf
DataFormat:sfntData
hasSVG:no
hasCOLR:no
VariableFontType:NonVariableFont
FileLength:136652
FileModTime:1725491480
WeightClass:800
WidthClass:3
AngleClass:1
NameArray:0,Win,1,Open Sans Condensed ExtraBold
NameArray:0,Win,16,Open Sans Condensed
%EndFont

%BeginFont
Handler:DirectoryHandler
FontType:TrueType
FontName:OpenSansCondensed-Italic
FamilyName:Open Sans Condensed
StyleName:Italic
FullName:Open Sans Condensed Italic
MenuName:Open Sans Condensed
StyleBits:1
WritingScript:Roman
OutlineFileName:D:\МДК 08.01\practici\pr1\pages\works\pr16\Font\static\OpenSans_Condensed-Italic.ttf
DataFormat:sfntData
hasSVG:no
hasCOLR:no
VariableFontType:NonVariableFont
FileLength:136588
FileModTime:1725491480
WeightClass:400
WidthClass:3
AngleClass:1
NameArray:0,Win,1,Open Sans Condensed
NameArray:0,Win,16,Open Sans Condensed
%EndFont

%BeginFont
Handler:DirectoryHandler
FontType:TrueType
FontName:OpenSansCondensed-Light
FamilyName:Open Sans Condensed
StyleName:Light
FullName:Open Sans Condensed Light
MenuName:Open Sans Condensed Light
StyleBits:0
WritingScript:Roman
OutlineFileName:D:\МДК 08.01\practici\pr1\pages\works\pr16\Font\static\OpenSans_Condensed-Light.ttf
DataFormat:sfntData
hasSVG:no
hasCOLR:no
VariableFontType:NonVariableFont
FileLength:130472
FileModTime:1725491480
WeightClass:300
WidthClass:3
AngleClass:0
NameArray:0,Win,1,Open Sans Condensed Light
NameArray:0,Win,16,Open Sans Condensed
%EndFont

%BeginFont
Handler:DirectoryHandler
FontType:TrueType
FontName:OpenSansCondensed-LightItalic
FamilyName:Open Sans Condensed
StyleName:Light Italic
FullName:Open Sans Condensed Light Italic
MenuName:Open Sans Condensed Light
StyleBits:1
WritingScript:Roman
OutlineFileName:D:\МДК 08.01\practici\pr1\pages\works\pr16\Font\static\OpenSans_Condensed-LightItalic.ttf
DataFormat:sfntData
hasSVG:no
hasCOLR:no
VariableFontType:NonVariableFont
FileLength:136760
FileModTime:1725491480
WeightClass:300
WidthClass:3
AngleClass:1
NameArray:0,Win,1,Open Sans Condensed Light
NameArray:0,Win,16,Open Sans Condensed
%EndFont

%BeginFont
Handler:DirectoryHandler
FontType:TrueType
FontName:OpenSansCondensed-Medium
FamilyName:Open Sans Condensed
StyleName:Medium
FullName:Open Sans Condensed Medium
MenuName:Open Sans Condensed Medium
StyleBits:0
WritingScript:Roman
OutlineFileName:D:\МДК 08.01\practici\pr1\pages\works\pr16\Font\static\OpenSans_Condensed-Medium.ttf
DataFormat:sfntData
hasSVG:no
hasCOLR:no
VariableFontType:NonVariableFont
FileLength:130520
FileModTime:1725491480
WeightClass:500
WidthClass:3
AngleClass:0
NameArray:0,Win,1,Open Sans Condensed Medium
NameArray:0,Win,16,Open Sans Condensed
%EndFont

%BeginFont
Handler:DirectoryHandler
FontType:TrueType
FontName:OpenSansCondensed-MediumItalic
FamilyName:Open Sans Condensed
StyleName:Medium Italic
FullName:Open Sans Condensed Medium Italic
MenuName:Open Sans Condensed Medium
StyleBits:1
WritingScript:Roman
OutlineFileName:D:\МДК 08.01\practici\pr1\pages\works\pr16\Font\static\OpenSans_Condensed-MediumItalic.ttf
DataFormat:sfntData
hasSVG:no
hasCOLR:no
VariableFontType:NonVariableFont
FileLength:136700
FileModTime:1725491480
WeightClass:500
WidthClass:3
AngleClass:1
NameArray:0,Win,1,Open Sans Condensed Medium
NameArray:0,Win,16,Open Sans Condensed
%EndFont

%BeginFont
Handler:DirectoryHandler
FontType:TrueType
FontName:OpenSansCondensed-Regular
FamilyName:Open Sans Condensed
StyleName:Regular
FullName:Open Sans Condensed Regular
MenuName:Open Sans Condensed
StyleBits:0
WritingScript:Roman
OutlineFileName:D:\МДК 08.01\practici\pr1\pages\works\pr16\Font\static\OpenSans_Condensed-Regular.ttf
DataFormat:sfntData
hasSVG:no
hasCOLR:no
VariableFontType:NonVariableFont
FileLength:130492
FileModTime:1725491480
WeightClass:400
WidthClass:3
AngleClass:0
NameArray:0,Win,1,Open Sans Condensed
NameArray:0,Win,16,Open Sans Condensed
%EndFont

%BeginFont
Handler:DirectoryHandler
FontType:TrueType
FontName:OpenSansCondensed-SemiBold
FamilyName:Open Sans Condensed
StyleName:SemiBold
FullName:Open Sans Condensed SemiBold
MenuName:Open Sans Condensed SemiBold
StyleBits:0
WritingScript:Roman
OutlineFileName:D:\МДК 08.01\practici\pr1\pages\works\pr16\Font\static\OpenSans_Condensed-SemiBold.ttf
DataFormat:sfntData
hasSVG:no
hasCOLR:no
VariableFontType:NonVariableFont
FileLength:130524
FileModTime:1725491480
WeightClass:600
WidthClass:3
AngleClass:0
NameArray:0,Win,1,Open Sans Condensed SemiBold
NameArray:0,Win,16,Open Sans Condensed
%EndFont

%BeginFont
Handler:DirectoryHandler
FontType:TrueType
FontName:OpenSansCondensed-SemiBoldItalic
FamilyName:Open Sans Condensed
StyleName:SemiBold Italic
FullName:Open Sans Condensed SemiBold Italic
MenuName:Open Sans Condensed SemiBold
StyleBits:1
WritingScript:Roman
OutlineFileName:D:\МДК 08.01\practici\pr1\pages\works\pr16\Font\static\OpenSans_Condensed-SemiBoldItalic.ttf
DataFormat:sfntData
hasSVG:no
hasCOLR:no
VariableFontType:NonVariableFont
FileLength:136792
FileModTime:1725491480
WeightClass:600
WidthClass:3
AngleClass:1
NameArray:0,Win,1,Open Sans Condensed SemiBold
NameArray:0,Win,16,Open Sans Condensed
%EndFont

%BeginFont
Handler:DirectoryHandler
FontType:TrueType
FontName:OpenSansSemiCondensed-Bold
FamilyName:Open Sans SemiCondensed
StyleName:Bold
FullName:Open Sans SemiCondensed Bold
MenuName:Open Sans SemiCondensed
StyleBits:2
WritingScript:Roman
OutlineFileName:D:\МДК 08.01\practici\pr1\pages\works\pr16\Font\static\OpenSans_SemiCondensed-Bold.ttf
DataFormat:sfntData
hasSVG:no
hasCOLR:no
VariableFontType:NonVariableFont
FileLength:131168
FileModTime:1725491480
WeightClass:700
WidthClass:4
AngleClass:0
NameArray:0,Win,1,Open Sans SemiCondensed
NameArray:0,Win,16,Open Sans SemiCondensed
%EndFont

%BeginFont
Handler:DirectoryHandler
FontType:TrueType
FontName:OpenSansSemiCondensed-BoldItalic
FamilyName:Open Sans SemiCondensed
StyleName:Bold Italic
FullName:Open Sans SemiCondensed Bold Italic
MenuName:Open Sans SemiCondensed
StyleBits:3
WritingScript:Roman
OutlineFileName:D:\МДК 08.01\practici\pr1\pages\works\pr16\Font\static\OpenSans_SemiCondensed-BoldItalic.ttf
DataFormat:sfntData
hasSVG:no
hasCOLR:no
VariableFontType:NonVariableFont
FileLength:137104
FileModTime:1725491480
WeightClass:700
WidthClass:4
AngleClass:1
NameArray:0,Win,1,Open Sans SemiCondensed
NameArray:0,Win,16,Open Sans SemiCondensed
%EndFont

%BeginFont
Handler:DirectoryHandler
FontType:TrueType
FontName:OpenSansSemiCondensed-ExtraBold
FamilyName:Open Sans SemiCondensed
StyleName:ExtraBold
FullName:Open Sans SemiCondensed ExtraBold
MenuName:Open Sans SemiCondensed ExtraBold
StyleBits:0
WritingScript:Roman
OutlineFileName:D:\МДК 08.01\practici\pr1\pages\works\pr16\Font\static\OpenSans_SemiCondensed-ExtraBold.ttf
DataFormat:sfntData
hasSVG:no
hasCOLR:no
VariableFontType:NonVariableFont
FileLength:131744
FileModTime:1725491480
WeightClass:800
WidthClass:4
AngleClass:0
NameArray:0,Win,1,Open Sans SemiCondensed ExtraBold
NameArray:0,Win,16,Open Sans SemiCondensed
%EndFont

%BeginFont
Handler:DirectoryHandler
FontType:TrueType
FontName:OpenSansSemiCondensed-ExtraBoldItalic
FamilyName:Open Sans SemiCondensed
StyleName:ExtraBold Italic
FullName:Open Sans SemiCondensed ExtraBold Italic
MenuName:Open Sans SemiCondensed ExtraBold
StyleBits:1
WritingScript:Roman
OutlineFileName:D:\МДК 08.01\practici\pr1\pages\works\pr16\Font\static\OpenSans_SemiCondensed-ExtraBoldItalic.ttf
DataFormat:sfntData
hasSVG:no
hasCOLR:no
VariableFontType:NonVariableFont
FileLength:137584
FileModTime:1725491480
WeightClass:800
WidthClass:4
AngleClass:1
NameArray:0,Win,1,Open Sans SemiCondensed ExtraBold
NameArray:0,Win,16,Open Sans SemiCondensed
%EndFont

%BeginFont
Handler:DirectoryHandler
FontType:TrueType
FontName:OpenSansSemiCondensed-Italic
FamilyName:Open Sans SemiCondensed
StyleName:Italic
FullName:Open Sans SemiCondensed Italic
MenuName:Open Sans SemiCondensed
StyleBits:1
WritingScript:Roman
OutlineFileName:D:\МДК 08.01\practici\pr1\pages\works\pr16\Font\static\OpenSans_SemiCondensed-Italic.ttf
DataFormat:sfntData
hasSVG:no
hasCOLR:no
VariableFontType:NonVariableFont
FileLength:137000
FileModTime:1725491480
WeightClass:400
WidthClass:4
AngleClass:1
NameArray:0,Win,1,Open Sans SemiCondensed
NameArray:0,Win,16,Open Sans SemiCondensed
%EndFont

%BeginFont
Handler:DirectoryHandler
FontType:TrueType
FontName:OpenSansSemiCondensed-Light
FamilyName:Open Sans SemiCondensed
StyleName:Light
FullName:Open Sans SemiCondensed Light
MenuName:Open Sans SemiCondensed Light
StyleBits:0
WritingScript:Roman
OutlineFileName:D:\МДК 08.01\practici\pr1\pages\works\pr16\Font\static\OpenSans_SemiCondensed-Light.ttf
DataFormat:sfntData
hasSVG:no
hasCOLR:no
VariableFontType:NonVariableFont
FileLength:131128
FileModTime:1725491480
WeightClass:300
WidthClass:4
AngleClass:0
NameArray:0,Win,1,Open Sans SemiCondensed Light
NameArray:0,Win,16,Open Sans SemiCondensed
%EndFont

%BeginFont
Handler:DirectoryHandler
FontType:TrueType
FontName:OpenSansSemiCondensed-LightItalic
FamilyName:Open Sans SemiCondensed
StyleName:Light Italic
FullName:Open Sans SemiCondensed Light Italic
MenuName:Open Sans SemiCondensed Light
StyleBits:1
WritingScript:Roman
OutlineFileName:D:\МДК 08.01\practici\pr1\pages\works\pr16\Font\static\OpenSans_SemiCondensed-LightItalic.ttf
DataFormat:sfntData
hasSVG:no
hasCOLR:no
VariableFontType:NonVariableFont
FileLength:137220
FileModTime:1725491480
WeightClass:300
WidthClass:4
AngleClass:1
NameArray:0,Win,1,Open Sans SemiCondensed Light
NameArray:0,Win,16,Open Sans SemiCondensed
%EndFont

%BeginFont
Handler:DirectoryHandler
FontType:TrueType
FontName:OpenSansSemiCondensed-Medium
FamilyName:Open Sans SemiCondensed
StyleName:Medium
FullName:Open Sans SemiCondensed Medium
MenuName:Open Sans SemiCondensed Medium
StyleBits:0
WritingScript:Roman
OutlineFileName:D:\МДК 08.01\practici\pr1\pages\works\pr16\Font\static\OpenSans_SemiCondensed-Medium.ttf
DataFormat:sfntData
hasSVG:no
hasCOLR:no
VariableFontType:NonVariableFont
FileLength:130976
FileModTime:1725491480
WeightClass:500
WidthClass:4
AngleClass:0
NameArray:0,Win,1,Open Sans SemiCondensed Medium
NameArray:0,Win,16,Open Sans SemiCondensed
%EndFont

%BeginFont
Handler:DirectoryHandler
FontType:TrueType
FontName:OpenSansSemiCondensed-MediumItalic
FamilyName:Open Sans SemiCondensed
StyleName:Medium Italic
FullName:Open Sans SemiCondensed Medium Italic
MenuName:Open Sans SemiCondensed Medium
StyleBits:1
WritingScript:Roman
OutlineFileName:D:\МДК 08.01\practici\pr1\pages\works\pr16\Font\static\OpenSans_SemiCondensed-MediumItalic.ttf
DataFormat:sfntData
hasSVG:no
hasCOLR:no
VariableFontType:NonVariableFont
FileLength:137068
FileModTime:1725491480
WeightClass:500
WidthClass:4
AngleClass:1
NameArray:0,Win,1,Open Sans SemiCondensed Medium
NameArray:0,Win,16,Open Sans SemiCondensed
%EndFont

%BeginFont
Handler:DirectoryHandler
FontType:TrueType
FontName:OpenSansSemiCondensed-Regular
FamilyName:Open Sans SemiCondensed
StyleName:Regular
FullName:Open Sans SemiCondensed Regular
MenuName:Open Sans SemiCondensed
StyleBits:0
WritingScript:Roman
OutlineFileName:D:\МДК 08.01\practici\pr1\pages\works\pr16\Font\static\OpenSans_SemiCondensed-Regular.ttf
DataFormat:sfntData
hasSVG:no
hasCOLR:no
VariableFontType:NonVariableFont
FileLength:130848
FileModTime:1725491480
WeightClass:400
WidthClass:4
AngleClass:0
NameArray:0,Win,1,Open Sans SemiCondensed
NameArray:0,Win,16,Open Sans SemiCondensed
%EndFont

%BeginFont
Handler:DirectoryHandler
FontType:TrueType
FontName:OpenSansSemiCondensed-SemiBold
FamilyName:Open Sans SemiCondensed
StyleName:SemiBold
FullName:Open Sans SemiCondensed SemiBold
MenuName:Open Sans SemiCondensed SemiBold
StyleBits:0
WritingScript:Roman
OutlineFileName:D:\МДК 08.01\practici\pr1\pages\works\pr16\Font\static\OpenSans_SemiCondensed-SemiBold.ttf
DataFormat:sfntData
hasSVG:no
hasCOLR:no
VariableFontType:NonVariableFont
FileLength:130856
FileModTime:1725491480
WeightClass:600
WidthClass:4
AngleClass:0
NameArray:0,Win,1,Open Sans SemiCondensed SemiBold
NameArray:0,Win,16,Open Sans SemiCondensed
%EndFont

%BeginFont
Handler:DirectoryHandler
FontType:TrueType
FontName:OpenSansSemiCondensed-SemiBoldItalic
FamilyName:Open Sans SemiCondensed
StyleName:SemiBold Italic
FullName:Open Sans SemiCondensed SemiBold Italic
MenuName:Open Sans SemiCondensed SemiBold
StyleBits:1
WritingScript:Roman
OutlineFileName:D:\МДК 08.01\practici\pr1\pages\works\pr16\Font\static\OpenSans_SemiCondensed-SemiBoldItalic.ttf
DataFormat:sfntData
hasSVG:no
hasCOLR:no
VariableFontType:NonVariableFont
FileLength:137132
FileModTime:1725491480
WeightClass:600
WidthClass:4
AngleClass:1
NameArray:0,Win,1,Open Sans SemiCondensed SemiBold
NameArray:0,Win,16,Open Sans SemiCondensed
%EndFont

